<?xml version="1.0" encoding="UTF-8"?>
<testng-results skipped="0" failed="0" total="3" passed="3">
  <reporter-output>
  </reporter-output>
  <suite name="Suite" duration-ms="58069" started-at="2019-09-11T15:09:40Z" finished-at="2019-09-11T15:10:38Z">
    <groups>
    </groups>
    <test name="Test" duration-ms="58069" started-at="2019-09-11T15:09:40Z" finished-at="2019-09-11T15:10:38Z">
      <class name="test.TESTActitimelogin">
        <test-method status="PASS" signature="openApp()[pri:0, instance:test.TESTActitimelogin@6fb554cc]" name="openApp" is-config="true" duration-ms="32862" started-at="2019-09-11T20:39:40Z" finished-at="2019-09-11T20:40:13Z">
          <reporter-output>
          </reporter-output>
        </test-method> <!-- openApp -->
        <test-method status="PASS" signature="login()[pri:0, instance:test.TESTActitimelogin@6fb554cc]" name="login" duration-ms="4082" started-at="2019-09-11T20:40:13Z" finished-at="2019-09-11T20:40:17Z">
          <reporter-output>
          </reporter-output>
        </test-method> <!-- login -->
        <test-method status="PASS" signature="closeApp()[pri:0, instance:test.TESTActitimelogin@6fb554cc]" name="closeApp" is-config="true" duration-ms="0" started-at="2019-09-11T20:40:17Z" finished-at="2019-09-11T20:40:17Z">
          <reporter-output>
          </reporter-output>
        </test-method> <!-- closeApp -->
      </class> <!-- test.TESTActitimelogin -->
      <class name="test.TESTActitimeCustomer">
        <test-method status="PASS" signature="openApp()[pri:0, instance:test.TESTActitimeCustomer@77b52d12]" name="openApp" is-config="true" duration-ms="33054" started-at="2019-09-11T20:39:40Z" finished-at="2019-09-11T20:40:13Z">
          <reporter-output>
          </reporter-output>
        </test-method> <!-- openApp -->
        <test-method status="PASS" signature="customer()[pri:0, instance:test.TESTActitimeCustomer@77b52d12]" name="customer" duration-ms="21913" started-at="2019-09-11T20:40:13Z" finished-at="2019-09-11T20:40:35Z">
          <reporter-output>
          </reporter-output>
        </test-method> <!-- customer -->
        <test-method status="PASS" signature="closeApp()[pri:0, instance:test.TESTActitimeCustomer@77b52d12]" name="closeApp" is-config="true" duration-ms="0" started-at="2019-09-11T20:40:35Z" finished-at="2019-09-11T20:40:35Z">
          <reporter-output>
          </reporter-output>
        </test-method> <!-- closeApp -->
      </class> <!-- test.TESTActitimeCustomer -->
      <class name="test.TESTActitimeWork">
        <test-method status="PASS" signature="openApp()[pri:0, instance:test.TESTActitimeWork@614c5515]" name="openApp" is-config="true" duration-ms="33054" started-at="2019-09-11T20:39:40Z" finished-at="2019-09-11T20:40:13Z">
          <reporter-output>
          </reporter-output>
        </test-method> <!-- openApp -->
        <test-method status="PASS" signature="work()[pri:0, instance:test.TESTActitimeWork@614c5515]" name="work" duration-ms="24981" started-at="2019-09-11T20:40:13Z" finished-at="2019-09-11T20:40:38Z">
          <reporter-output>
          </reporter-output>
        </test-method> <!-- work -->
        <test-method status="PASS" signature="closeApp()[pri:0, instance:test.TESTActitimeWork@614c5515]" name="closeApp" is-config="true" duration-ms="0" started-at="2019-09-11T20:40:38Z" finished-at="2019-09-11T20:40:38Z">
          <reporter-output>
          </reporter-output>
        </test-method> <!-- closeApp -->
      </class> <!-- test.TESTActitimeWork -->
    </test> <!-- Test -->
  </suite> <!-- Suite -->
</testng-results>
